<?xml version="1.0" encoding="UTF-8"?>
<!-- Generated by org.testng.reporters.JUnitReportReporter -->
<testsuite hostname="Vipul-Ghatol" failures="0" tests="1" name="Module1_Login_Test.SwagLabLoginTest" time="10.937" errors="0" timestamp="2023-11-30T14:29:53 IST" skipped="0">
  <testcase classname="Module1_Login_Test.SwagLabLoginTest" name="VerifyTitle" time="10.937"/>
</testsuite> <!-- Module1_Login_Test.SwagLabLoginTest -->
